<?xml version="1.0" encoding="UTF-8"?>
<testng-results ignored="0" total="2" passed="2" failed="0" skipped="0">
  <reporter-output>
  </reporter-output>
  <suite started-at="2024-10-03T04:08:12 IST" name="Default suite" finished-at="2024-10-03T04:08:12 IST" duration-ms="93">
    <groups>
    </groups>
    <test started-at="2024-10-03T04:08:12 IST" name="Default test" finished-at="2024-10-03T04:08:12 IST" duration-ms="93">
      <class name="testjenkins.demo">
        <test-method signature="test()[pri:0, instance:testjenkins.demo@614ca7df]" started-at="2024-10-03T04:08:12 IST" name="test" finished-at="2024-10-03T04:08:12 IST" duration-ms="12" status="PASS">
          <reporter-output>
          </reporter-output>
        </test-method> <!-- test -->
        <test-method signature="test1()[pri:0, instance:testjenkins.demo@614ca7df]" started-at="2024-10-03T04:08:12 IST" name="test1" finished-at="2024-10-03T04:08:12 IST" duration-ms="1" status="PASS">
          <reporter-output>
          </reporter-output>
        </test-method> <!-- test1 -->
      </class> <!-- testjenkins.demo -->
    </test> <!-- Default test -->
  </suite> <!-- Default suite -->
</testng-results>
